<?xml version="1.0" encoding="UTF-8"?>
<!-- Generated by org.testng.reporters.JUnitReportReporter -->
<testsuite skipped="0" hostname="DESKTOP-SFCUNEP" name="Testing.TestingParameter" tests="1" failures="0" timestamp="9 Apr 2020 15:03:03 GMT" time="13.824" errors="0">
  <testcase name="test" time="13.824" classname="Testing.TestingParameter"/>
</testsuite> <!-- Testing.TestingParameter -->
