<?xml version="1.0" encoding="UTF-8"?>
<!-- Generated by org.testng.reporters.JUnitReportReporter -->
<testsuite skipped="0" hostname="DESKTOP-SFCUNEP" name="Testngtesting.TestNG.Testing1" tests="1" failures="0" timestamp="13 Mar 2020 05:35:58 GMT" time="0.011" errors="0">
  <testcase name="f" time="0.011" classname="Testngtesting.TestNG.Testing1"/>
</testsuite> <!-- Testngtesting.TestNG.Testing1 -->
